02-Feb-2018 16:32:24.463 INFO [main] org.apache.catalina.startup.VersionLoggerListener.log Server version:        Apache Tomcat/9.0.2
02-Feb-2018 16:32:24.463 INFO [main] org.apache.catalina.startup.VersionLoggerListener.log Server built:          Nov 25 2017 21:08:02 UTC
02-Feb-2018 16:32:24.463 INFO [main] org.apache.catalina.startup.VersionLoggerListener.log Server number:         9.0.2.0
02-Feb-2018 16:32:24.463 INFO [main] org.apache.catalina.startup.VersionLoggerListener.log OS Name:               Windows 10
02-Feb-2018 16:32:24.463 INFO [main] org.apache.catalina.startup.VersionLoggerListener.log OS Version:            10.0
02-Feb-2018 16:32:24.463 INFO [main] org.apache.catalina.startup.VersionLoggerListener.log Architecture:          amd64
02-Feb-2018 16:32:24.463 INFO [main] org.apache.catalina.startup.VersionLoggerListener.log Java Home:             C:\Program Files\Java\jdk1.8.0_162\jre
02-Feb-2018 16:32:24.463 INFO [main] org.apache.catalina.startup.VersionLoggerListener.log JVM Version:           1.8.0_162-b12
02-Feb-2018 16:32:24.463 INFO [main] org.apache.catalina.startup.VersionLoggerListener.log JVM Vendor:            Oracle Corporation
02-Feb-2018 16:32:24.463 INFO [main] org.apache.catalina.startup.VersionLoggerListener.log CATALINA_BASE:         C:\Users\jp972\OneDrive\Web\Lab1\SignInProject\conf
02-Feb-2018 16:32:24.463 INFO [main] org.apache.catalina.startup.VersionLoggerListener.log CATALINA_HOME:         C:\Program Files\Apache Software Foundation\Tomcat 9.0
02-Feb-2018 16:32:24.463 INFO [main] org.apache.catalina.startup.VersionLoggerListener.log Command line argument: -Djava.util.logging.config.file=C:\Users\jp972\OneDrive\Web\Lab1\SignInProject\conf\conf\logging.properties
02-Feb-2018 16:32:24.463 INFO [main] org.apache.catalina.startup.VersionLoggerListener.log Command line argument: -Djava.util.logging.manager=org.apache.juli.ClassLoaderLogManager
02-Feb-2018 16:32:24.463 INFO [main] org.apache.catalina.startup.VersionLoggerListener.log Command line argument: -Dhttp.nonProxyHosts=localhost|127.0.0.1|MSI
02-Feb-2018 16:32:24.463 INFO [main] org.apache.catalina.startup.VersionLoggerListener.log Command line argument: -Djdk.tls.ephemeralDHKeySize=2048
02-Feb-2018 16:32:24.463 INFO [main] org.apache.catalina.startup.VersionLoggerListener.log Command line argument: -Djava.protocol.handler.pkgs=org.apache.catalina.webresources
02-Feb-2018 16:32:24.463 INFO [main] org.apache.catalina.startup.VersionLoggerListener.log Command line argument: -Dignore.endorsed.dirs=
02-Feb-2018 16:32:24.463 INFO [main] org.apache.catalina.startup.VersionLoggerListener.log Command line argument: -Dcatalina.base=C:\Users\jp972\OneDrive\Web\Lab1\SignInProject\conf
02-Feb-2018 16:32:24.463 INFO [main] org.apache.catalina.startup.VersionLoggerListener.log Command line argument: -Dcatalina.home=C:\Program Files\Apache Software Foundation\Tomcat 9.0
02-Feb-2018 16:32:24.463 INFO [main] org.apache.catalina.startup.VersionLoggerListener.log Command line argument: -Djava.io.tmpdir=C:\Users\jp972\OneDrive\Web\Lab1\SignInProject\conf\temp
02-Feb-2018 16:32:24.463 INFO [main] org.apache.catalina.core.AprLifecycleListener.lifecycleEvent The APR based Apache Tomcat Native library which allows optimal performance in production environments was not found on the java.library.path: [C:\Program Files\Java\jdk1.8.0_162\bin;C:\Windows\Sun\Java\bin;C:\Windows\system32;C:\Windows;C:\ProgramData\Oracle\Java\javapath;C:\Program Files (x86)\Intel\iCLS Client\;C:\Program Files\Intel\iCLS Client\;C:\Windows\system32;C:\Windows;C:\Windows\System32\Wbem;C:\Windows\System32\WindowsPowerShell\v1.0\;C:\Program Files (x86)\NVIDIA Corporation\PhysX\Common;C:\Program Files\Intel\WiFi\bin\;C:\Program Files\Common Files\Intel\WirelessCommon\;C:\Program Files (x86)\Intel\Intel(R) Management Engine Components\DAL;C:\Program Files\Intel\Intel(R) Management Engine Components\DAL;C:\Program Files (x86)\Intel\Intel(R) Management Engine Components\IPT;C:\Program Files\Intel\Intel(R) Management Engine Components\IPT;C:\Windows\system32\config\systemprofile\.dnx\bin;C:\Program Files\Microsoft DNX\Dnvm\;C:\Program Files\Microsoft SQL Server\120\Tools\Binn\;C:\Program Files\Microsoft SQL Server\130\Tools\Binn\;C:\Program Files\Git\cmd;C:\Program Files\dotnet\;C:\Program Files\MySQL\MySQL Utilities 1.6\;C:\Users\jp972\AppData\Local\Microsoft\WindowsApps;;.]
02-Feb-2018 16:32:24.647 INFO [main] org.apache.coyote.AbstractProtocol.init Initializing ProtocolHandler ["http-nio-8080"]
02-Feb-2018 16:32:24.709 INFO [main] org.apache.tomcat.util.net.NioSelectorPool.getSharedSelector Using a shared selector for servlet write/read
02-Feb-2018 16:32:24.709 INFO [main] org.apache.coyote.AbstractProtocol.init Initializing ProtocolHandler ["ajp-nio-8009"]
02-Feb-2018 16:32:24.709 INFO [main] org.apache.tomcat.util.net.NioSelectorPool.getSharedSelector Using a shared selector for servlet write/read
02-Feb-2018 16:32:24.709 INFO [main] org.apache.catalina.startup.Catalina.load Initialization processed in 519 ms
02-Feb-2018 16:32:24.732 INFO [main] org.apache.catalina.core.StandardService.startInternal Starting service [Catalina]
02-Feb-2018 16:32:24.732 INFO [main] org.apache.catalina.core.StandardEngine.startInternal Starting Servlet Engine: Apache Tomcat/9.0.2
02-Feb-2018 16:32:24.732 INFO [main] org.apache.catalina.startup.HostConfig.deployDescriptor Deploying configuration descriptor [C:\Users\jp972\OneDrive\Web\Lab1\SignInProject\conf\conf\Catalina\localhost\manager.xml]
02-Feb-2018 16:32:24.963 INFO [main] org.apache.catalina.startup.HostConfig.deployDescriptor Deployment of configuration descriptor [C:\Users\jp972\OneDrive\Web\Lab1\SignInProject\conf\conf\Catalina\localhost\manager.xml] has finished in [231] ms
02-Feb-2018 16:32:24.963 INFO [main] org.apache.catalina.startup.HostConfig.deployDescriptor Deploying configuration descriptor [C:\Users\jp972\OneDrive\Web\Lab1\SignInProject\conf\conf\Catalina\localhost\ROOT.xml]
02-Feb-2018 16:32:24.978 INFO [main] org.apache.catalina.startup.HostConfig.deployDescriptor Deployment of configuration descriptor [C:\Users\jp972\OneDrive\Web\Lab1\SignInProject\conf\conf\Catalina\localhost\ROOT.xml] has finished in [15] ms
02-Feb-2018 16:32:24.978 INFO [main] org.apache.coyote.AbstractProtocol.start Starting ProtocolHandler ["http-nio-8080"]
02-Feb-2018 16:32:24.978 INFO [main] org.apache.coyote.AbstractProtocol.start Starting ProtocolHandler ["ajp-nio-8009"]
02-Feb-2018 16:32:24.994 INFO [main] org.apache.catalina.startup.Catalina.start Server startup in 277 ms
02-Feb-2018 16:32:25.226 INFO [http-nio-8080-exec-3] org.apache.catalina.startup.HostConfig.deployDescriptor Deploying configuration descriptor [C:\Users\jp972\OneDrive\Web\Lab1\SignInProject\conf\conf\Catalina\localhost\SignInProject.xml]
02-Feb-2018 16:32:25.711 INFO [http-nio-8080-exec-3] org.apache.jasper.servlet.TldScanner.scanJars At least one JAR was scanned for TLDs yet contained no TLDs. Enable debug logging for this logger for a complete list of JARs that were scanned but no TLDs were found in them. Skipping unneeded JARs during scanning can improve startup time and JSP compilation time.
02-Feb-2018 16:32:25.795 INFO [http-nio-8080-exec-3] com.sun.faces.config.ConfigureListener.contextInitialized Initializing Mojarra 2.2.7 ( 20140610-1547 https://svn.java.net/svn/mojarra~svn/tags/2.2.7@13362) for context '/SignInProject'
02-Feb-2018 16:32:25.949 INFO [http-nio-8080-exec-3] com.sun.faces.spi.InjectionProviderFactory.createInstance JSF1048: PostConstruct/PreDestroy annotations present.  ManagedBeans methods marked with these annotations will have said annotations processed.
02-Feb-2018 16:32:26.376 INFO [http-nio-8080-exec-3] org.apache.catalina.startup.HostConfig.deployDescriptor Deployment of configuration descriptor [C:\Users\jp972\OneDrive\Web\Lab1\SignInProject\conf\conf\Catalina\localhost\SignInProject.xml] has finished in [1,150] ms
02-Feb-2018 16:32:26.376 INFO [http-nio-8080-exec-2] org.apache.catalina.util.LifecycleBase.start The start() method was called on component [StandardEngine[Catalina].StandardHost[localhost].StandardContext[/SignInProject]] after start() had already been called. The second call will be ignored.
02-Feb-2018 16:33:13.938 INFO [main] org.apache.catalina.core.StandardServer.await A valid shutdown command was received via the shutdown port. Stopping the Server instance.
02-Feb-2018 16:33:13.938 INFO [main] org.apache.coyote.AbstractProtocol.pause Pausing ProtocolHandler ["http-nio-8080"]
02-Feb-2018 16:33:14.022 INFO [main] org.apache.coyote.AbstractProtocol.pause Pausing ProtocolHandler ["ajp-nio-8009"]
02-Feb-2018 16:33:14.074 INFO [main] org.apache.catalina.core.StandardService.stopInternal Stopping service [Catalina]
02-Feb-2018 16:33:14.090 WARNING [main] org.apache.catalina.loader.WebappClassLoaderBase.clearReferencesJdbc The web application [SignInProject] registered the JDBC driver [com.mysql.jdbc.Driver] but failed to unregister it when the web application was stopped. To prevent a memory leak, the JDBC Driver has been forcibly unregistered.
02-Feb-2018 16:33:14.090 WARNING [main] org.apache.catalina.loader.WebappClassLoaderBase.clearReferencesThreads The web application [SignInProject] appears to have started a thread named [Abandoned connection cleanup thread] but has failed to stop it. This is very likely to create a memory leak. Stack trace of thread:
 java.lang.Object.wait(Native Method)
 java.lang.ref.ReferenceQueue.remove(ReferenceQueue.java:143)
 com.mysql.jdbc.AbandonedConnectionCleanupThread.run(AbandonedConnectionCleanupThread.java:64)
 java.util.concurrent.ThreadPoolExecutor.runWorker(ThreadPoolExecutor.java:1149)
 java.util.concurrent.ThreadPoolExecutor$Worker.run(ThreadPoolExecutor.java:624)
 java.lang.Thread.run(Thread.java:748)
02-Feb-2018 16:33:14.090 INFO [main] org.apache.coyote.AbstractProtocol.stop Stopping ProtocolHandler ["http-nio-8080"]
02-Feb-2018 16:33:14.090 INFO [main] org.apache.coyote.AbstractProtocol.stop Stopping ProtocolHandler ["ajp-nio-8009"]
02-Feb-2018 16:33:14.090 INFO [main] org.apache.coyote.AbstractProtocol.destroy Destroying ProtocolHandler ["http-nio-8080"]
02-Feb-2018 16:33:14.090 INFO [main] org.apache.coyote.AbstractProtocol.destroy Destroying ProtocolHandler ["ajp-nio-8009"]
02-Feb-2018 16:56:25.339 INFO [main] org.apache.catalina.startup.VersionLoggerListener.log Server version:        Apache Tomcat/9.0.2
02-Feb-2018 16:56:25.341 INFO [main] org.apache.catalina.startup.VersionLoggerListener.log Server built:          Nov 25 2017 21:08:02 UTC
02-Feb-2018 16:56:25.341 INFO [main] org.apache.catalina.startup.VersionLoggerListener.log Server number:         9.0.2.0
02-Feb-2018 16:56:25.341 INFO [main] org.apache.catalina.startup.VersionLoggerListener.log OS Name:               Windows 10
02-Feb-2018 16:56:25.341 INFO [main] org.apache.catalina.startup.VersionLoggerListener.log OS Version:            10.0
02-Feb-2018 16:56:25.341 INFO [main] org.apache.catalina.startup.VersionLoggerListener.log Architecture:          amd64
02-Feb-2018 16:56:25.341 INFO [main] org.apache.catalina.startup.VersionLoggerListener.log Java Home:             C:\Program Files\Java\jdk1.8.0_162\jre
02-Feb-2018 16:56:25.341 INFO [main] org.apache.catalina.startup.VersionLoggerListener.log JVM Version:           1.8.0_162-b12
02-Feb-2018 16:56:25.341 INFO [main] org.apache.catalina.startup.VersionLoggerListener.log JVM Vendor:            Oracle Corporation
02-Feb-2018 16:56:25.341 INFO [main] org.apache.catalina.startup.VersionLoggerListener.log CATALINA_BASE:         C:\Users\jp972\OneDrive\Web\Lab1\SignInProject\conf
02-Feb-2018 16:56:25.341 INFO [main] org.apache.catalina.startup.VersionLoggerListener.log CATALINA_HOME:         C:\Program Files\Apache Software Foundation\Tomcat 9.0
02-Feb-2018 16:56:25.342 INFO [main] org.apache.catalina.startup.VersionLoggerListener.log Command line argument: -Djava.util.logging.config.file=C:\Users\jp972\OneDrive\Web\Lab1\SignInProject\conf\conf\logging.properties
02-Feb-2018 16:56:25.342 INFO [main] org.apache.catalina.startup.VersionLoggerListener.log Command line argument: -Djava.util.logging.manager=org.apache.juli.ClassLoaderLogManager
02-Feb-2018 16:56:25.342 INFO [main] org.apache.catalina.startup.VersionLoggerListener.log Command line argument: -Dhttp.nonProxyHosts=localhost|127.0.0.1|MSI
02-Feb-2018 16:56:25.342 INFO [main] org.apache.catalina.startup.VersionLoggerListener.log Command line argument: -Djdk.tls.ephemeralDHKeySize=2048
02-Feb-2018 16:56:25.342 INFO [main] org.apache.catalina.startup.VersionLoggerListener.log Command line argument: -Djava.protocol.handler.pkgs=org.apache.catalina.webresources
02-Feb-2018 16:56:25.342 INFO [main] org.apache.catalina.startup.VersionLoggerListener.log Command line argument: -Dignore.endorsed.dirs=
02-Feb-2018 16:56:25.342 INFO [main] org.apache.catalina.startup.VersionLoggerListener.log Command line argument: -Dcatalina.base=C:\Users\jp972\OneDrive\Web\Lab1\SignInProject\conf
02-Feb-2018 16:56:25.342 INFO [main] org.apache.catalina.startup.VersionLoggerListener.log Command line argument: -Dcatalina.home=C:\Program Files\Apache Software Foundation\Tomcat 9.0
02-Feb-2018 16:56:25.342 INFO [main] org.apache.catalina.startup.VersionLoggerListener.log Command line argument: -Djava.io.tmpdir=C:\Users\jp972\OneDrive\Web\Lab1\SignInProject\conf\temp
02-Feb-2018 16:56:25.342 INFO [main] org.apache.catalina.core.AprLifecycleListener.lifecycleEvent The APR based Apache Tomcat Native library which allows optimal performance in production environments was not found on the java.library.path: [C:\Program Files\Java\jdk1.8.0_162\bin;C:\Windows\Sun\Java\bin;C:\Windows\system32;C:\Windows;C:\ProgramData\Oracle\Java\javapath;C:\Program Files (x86)\Intel\iCLS Client\;C:\Program Files\Intel\iCLS Client\;C:\Windows\system32;C:\Windows;C:\Windows\System32\Wbem;C:\Windows\System32\WindowsPowerShell\v1.0\;C:\Program Files (x86)\NVIDIA Corporation\PhysX\Common;C:\Program Files\Intel\WiFi\bin\;C:\Program Files\Common Files\Intel\WirelessCommon\;C:\Program Files (x86)\Intel\Intel(R) Management Engine Components\DAL;C:\Program Files\Intel\Intel(R) Management Engine Components\DAL;C:\Program Files (x86)\Intel\Intel(R) Management Engine Components\IPT;C:\Program Files\Intel\Intel(R) Management Engine Components\IPT;C:\Windows\system32\config\systemprofile\.dnx\bin;C:\Program Files\Microsoft DNX\Dnvm\;C:\Program Files\Microsoft SQL Server\120\Tools\Binn\;C:\Program Files\Microsoft SQL Server\130\Tools\Binn\;C:\Program Files\Git\cmd;C:\Program Files\dotnet\;C:\Program Files\MySQL\MySQL Utilities 1.6\;C:\Users\jp972\AppData\Local\Microsoft\WindowsApps;;.]
02-Feb-2018 16:56:25.507 INFO [main] org.apache.coyote.AbstractProtocol.init Initializing ProtocolHandler ["http-nio-8080"]
02-Feb-2018 16:56:25.570 INFO [main] org.apache.tomcat.util.net.NioSelectorPool.getSharedSelector Using a shared selector for servlet write/read
02-Feb-2018 16:56:25.570 INFO [main] org.apache.coyote.AbstractProtocol.init Initializing ProtocolHandler ["ajp-nio-8009"]
02-Feb-2018 16:56:25.570 INFO [main] org.apache.tomcat.util.net.NioSelectorPool.getSharedSelector Using a shared selector for servlet write/read
02-Feb-2018 16:56:25.570 INFO [main] org.apache.catalina.startup.Catalina.load Initialization processed in 537 ms
02-Feb-2018 16:56:25.591 INFO [main] org.apache.catalina.core.StandardService.startInternal Starting service [Catalina]
02-Feb-2018 16:56:25.591 INFO [main] org.apache.catalina.core.StandardEngine.startInternal Starting Servlet Engine: Apache Tomcat/9.0.2
02-Feb-2018 16:56:25.607 INFO [main] org.apache.catalina.startup.HostConfig.deployDescriptor Deploying configuration descriptor [C:\Users\jp972\OneDrive\Web\Lab1\SignInProject\conf\conf\Catalina\localhost\manager.xml]
02-Feb-2018 16:56:25.823 INFO [main] org.apache.catalina.startup.HostConfig.deployDescriptor Deployment of configuration descriptor [C:\Users\jp972\OneDrive\Web\Lab1\SignInProject\conf\conf\Catalina\localhost\manager.xml] has finished in [216] ms
02-Feb-2018 16:56:25.823 INFO [main] org.apache.catalina.startup.HostConfig.deployDescriptor Deploying configuration descriptor [C:\Users\jp972\OneDrive\Web\Lab1\SignInProject\conf\conf\Catalina\localhost\ROOT.xml]
02-Feb-2018 16:56:25.854 INFO [main] org.apache.catalina.startup.HostConfig.deployDescriptor Deployment of configuration descriptor [C:\Users\jp972\OneDrive\Web\Lab1\SignInProject\conf\conf\Catalina\localhost\ROOT.xml] has finished in [31] ms
02-Feb-2018 16:56:25.854 INFO [main] org.apache.catalina.startup.HostConfig.deployDescriptor Deploying configuration descriptor [C:\Users\jp972\OneDrive\Web\Lab1\SignInProject\conf\conf\Catalina\localhost\SignInProject.xml]
02-Feb-2018 16:56:26.339 INFO [main] org.apache.jasper.servlet.TldScanner.scanJars At least one JAR was scanned for TLDs yet contained no TLDs. Enable debug logging for this logger for a complete list of JARs that were scanned but no TLDs were found in them. Skipping unneeded JARs during scanning can improve startup time and JSP compilation time.
02-Feb-2018 16:56:26.470 INFO [main] com.sun.faces.config.ConfigureListener.contextInitialized Initializing Mojarra 2.2.7 ( 20140610-1547 https://svn.java.net/svn/mojarra~svn/tags/2.2.7@13362) for context '/SignInProject'
02-Feb-2018 16:56:26.638 INFO [main] com.sun.faces.spi.InjectionProviderFactory.createInstance JSF1048: PostConstruct/PreDestroy annotations present.  ManagedBeans methods marked with these annotations will have said annotations processed.
02-Feb-2018 16:56:27.064 INFO [main] org.apache.catalina.startup.HostConfig.deployDescriptor Deployment of configuration descriptor [C:\Users\jp972\OneDrive\Web\Lab1\SignInProject\conf\conf\Catalina\localhost\SignInProject.xml] has finished in [1,210] ms
02-Feb-2018 16:56:27.080 INFO [main] org.apache.coyote.AbstractProtocol.start Starting ProtocolHandler ["http-nio-8080"]
02-Feb-2018 16:56:27.080 INFO [main] org.apache.coyote.AbstractProtocol.start Starting ProtocolHandler ["ajp-nio-8009"]
02-Feb-2018 16:56:27.080 INFO [main] org.apache.catalina.startup.Catalina.start Server startup in 1508 ms
02-Feb-2018 17:05:07.796 INFO [http-nio-8080-exec-10] org.apache.catalina.core.StandardContext.reload Reloading Context with name [/SignInProject] has started
02-Feb-2018 17:05:07.810 WARNING [http-nio-8080-exec-10] org.apache.catalina.loader.WebappClassLoaderBase.clearReferencesJdbc The web application [SignInProject] registered the JDBC driver [com.mysql.jdbc.Driver] but failed to unregister it when the web application was stopped. To prevent a memory leak, the JDBC Driver has been forcibly unregistered.
02-Feb-2018 17:05:07.811 WARNING [http-nio-8080-exec-10] org.apache.catalina.loader.WebappClassLoaderBase.clearReferencesThreads The web application [SignInProject] appears to have started a thread named [Abandoned connection cleanup thread] but has failed to stop it. This is very likely to create a memory leak. Stack trace of thread:
 java.lang.Object.wait(Native Method)
 java.lang.ref.ReferenceQueue.remove(ReferenceQueue.java:143)
 com.mysql.jdbc.AbandonedConnectionCleanupThread.run(AbandonedConnectionCleanupThread.java:64)
 java.util.concurrent.ThreadPoolExecutor.runWorker(ThreadPoolExecutor.java:1149)
 java.util.concurrent.ThreadPoolExecutor$Worker.run(ThreadPoolExecutor.java:624)
 java.lang.Thread.run(Thread.java:748)
02-Feb-2018 17:05:08.175 INFO [Abandoned connection cleanup thread] org.apache.catalina.loader.WebappClassLoaderBase.checkStateForResourceLoading Illegal access: this web application instance has been stopped already. Could not load []. The following stack trace is thrown for debugging purposes as well as to attempt to terminate the thread which caused the illegal access.
 java.lang.IllegalStateException: Illegal access: this web application instance has been stopped already. Could not load []. The following stack trace is thrown for debugging purposes as well as to attempt to terminate the thread which caused the illegal access.
	at org.apache.catalina.loader.WebappClassLoaderBase.checkStateForResourceLoading(WebappClassLoaderBase.java:1295)
	at org.apache.catalina.loader.WebappClassLoaderBase.getResource(WebappClassLoaderBase.java:972)
	at com.mysql.jdbc.AbandonedConnectionCleanupThread.checkContextClassLoaders(AbandonedConnectionCleanupThread.java:90)
	at com.mysql.jdbc.AbandonedConnectionCleanupThread.run(AbandonedConnectionCleanupThread.java:63)
	at java.util.concurrent.ThreadPoolExecutor.runWorker(ThreadPoolExecutor.java:1149)
	at java.util.concurrent.ThreadPoolExecutor$Worker.run(ThreadPoolExecutor.java:624)
	at java.lang.Thread.run(Thread.java:748)

02-Feb-2018 17:05:08.196 INFO [http-nio-8080-exec-10] org.apache.jasper.servlet.TldScanner.scanJars At least one JAR was scanned for TLDs yet contained no TLDs. Enable debug logging for this logger for a complete list of JARs that were scanned but no TLDs were found in them. Skipping unneeded JARs during scanning can improve startup time and JSP compilation time.
02-Feb-2018 17:05:08.298 INFO [http-nio-8080-exec-10] com.sun.faces.config.ConfigureListener.contextInitialized Initializing Mojarra 2.2.7 ( 20140610-1547 https://svn.java.net/svn/mojarra~svn/tags/2.2.7@13362) for context '/SignInProject'
02-Feb-2018 17:05:08.435 INFO [http-nio-8080-exec-10] com.sun.faces.spi.InjectionProviderFactory.createInstance JSF1048: PostConstruct/PreDestroy annotations present.  ManagedBeans methods marked with these annotations will have said annotations processed.
02-Feb-2018 17:05:08.903 INFO [http-nio-8080-exec-10] org.apache.catalina.core.StandardContext.reload Reloading Context with name [/SignInProject] is completed
02-Feb-2018 17:05:57.345 INFO [http-nio-8080-exec-4] org.apache.catalina.core.StandardContext.reload Reloading Context with name [/SignInProject] has started
02-Feb-2018 17:05:57.699 INFO [http-nio-8080-exec-4] org.apache.jasper.servlet.TldScanner.scanJars At least one JAR was scanned for TLDs yet contained no TLDs. Enable debug logging for this logger for a complete list of JARs that were scanned but no TLDs were found in them. Skipping unneeded JARs during scanning can improve startup time and JSP compilation time.
02-Feb-2018 17:05:57.777 INFO [http-nio-8080-exec-4] com.sun.faces.config.ConfigureListener.contextInitialized Initializing Mojarra 2.2.7 ( 20140610-1547 https://svn.java.net/svn/mojarra~svn/tags/2.2.7@13362) for context '/SignInProject'
02-Feb-2018 17:05:57.862 INFO [http-nio-8080-exec-4] com.sun.faces.spi.InjectionProviderFactory.createInstance JSF1048: PostConstruct/PreDestroy annotations present.  ManagedBeans methods marked with these annotations will have said annotations processed.
02-Feb-2018 17:05:58.203 INFO [http-nio-8080-exec-4] org.apache.catalina.core.StandardContext.reload Reloading Context with name [/SignInProject] is completed
02-Feb-2018 17:05:59.521 INFO [http-nio-8080-exec-6] org.apache.catalina.core.StandardContext.reload Reloading Context with name [/SignInProject] has started
02-Feb-2018 17:05:59.912 INFO [http-nio-8080-exec-6] org.apache.jasper.servlet.TldScanner.scanJars At least one JAR was scanned for TLDs yet contained no TLDs. Enable debug logging for this logger for a complete list of JARs that were scanned but no TLDs were found in them. Skipping unneeded JARs during scanning can improve startup time and JSP compilation time.
02-Feb-2018 17:05:59.970 INFO [http-nio-8080-exec-6] com.sun.faces.config.ConfigureListener.contextInitialized Initializing Mojarra 2.2.7 ( 20140610-1547 https://svn.java.net/svn/mojarra~svn/tags/2.2.7@13362) for context '/SignInProject'
02-Feb-2018 17:06:00.037 INFO [http-nio-8080-exec-6] com.sun.faces.spi.InjectionProviderFactory.createInstance JSF1048: PostConstruct/PreDestroy annotations present.  ManagedBeans methods marked with these annotations will have said annotations processed.
02-Feb-2018 17:06:00.353 INFO [http-nio-8080-exec-6] org.apache.catalina.core.StandardContext.reload Reloading Context with name [/SignInProject] is completed
02-Feb-2018 17:08:16.015 INFO [http-nio-8080-exec-3] org.apache.catalina.core.StandardContext.reload Reloading Context with name [/SignInProject] has started
02-Feb-2018 17:08:16.015 WARNING [http-nio-8080-exec-3] org.apache.catalina.loader.WebappClassLoaderBase.clearReferencesJdbc The web application [SignInProject] registered the JDBC driver [com.mysql.jdbc.Driver] but failed to unregister it when the web application was stopped. To prevent a memory leak, the JDBC Driver has been forcibly unregistered.
02-Feb-2018 17:08:16.015 WARNING [http-nio-8080-exec-3] org.apache.catalina.loader.WebappClassLoaderBase.clearReferencesThreads The web application [SignInProject] appears to have started a thread named [Abandoned connection cleanup thread] but has failed to stop it. This is very likely to create a memory leak. Stack trace of thread:
 java.lang.Object.wait(Native Method)
 java.lang.ref.ReferenceQueue.remove(ReferenceQueue.java:143)
 com.mysql.jdbc.AbandonedConnectionCleanupThread.run(AbandonedConnectionCleanupThread.java:64)
 java.util.concurrent.ThreadPoolExecutor.runWorker(ThreadPoolExecutor.java:1149)
 java.util.concurrent.ThreadPoolExecutor$Worker.run(ThreadPoolExecutor.java:624)
 java.lang.Thread.run(Thread.java:748)
02-Feb-2018 17:08:16.315 INFO [http-nio-8080-exec-3] org.apache.jasper.servlet.TldScanner.scanJars At least one JAR was scanned for TLDs yet contained no TLDs. Enable debug logging for this logger for a complete list of JARs that were scanned but no TLDs were found in them. Skipping unneeded JARs during scanning can improve startup time and JSP compilation time.
02-Feb-2018 17:08:16.378 INFO [http-nio-8080-exec-3] com.sun.faces.config.ConfigureListener.contextInitialized Initializing Mojarra 2.2.7 ( 20140610-1547 https://svn.java.net/svn/mojarra~svn/tags/2.2.7@13362) for context '/SignInProject'
02-Feb-2018 17:08:16.431 INFO [http-nio-8080-exec-3] com.sun.faces.spi.InjectionProviderFactory.createInstance JSF1048: PostConstruct/PreDestroy annotations present.  ManagedBeans methods marked with these annotations will have said annotations processed.
02-Feb-2018 17:08:16.732 INFO [http-nio-8080-exec-3] org.apache.catalina.core.StandardContext.reload Reloading Context with name [/SignInProject] is completed
02-Feb-2018 17:08:17.932 INFO [Abandoned connection cleanup thread] org.apache.catalina.loader.WebappClassLoaderBase.checkStateForResourceLoading Illegal access: this web application instance has been stopped already. Could not load []. The following stack trace is thrown for debugging purposes as well as to attempt to terminate the thread which caused the illegal access.
 java.lang.IllegalStateException: Illegal access: this web application instance has been stopped already. Could not load []. The following stack trace is thrown for debugging purposes as well as to attempt to terminate the thread which caused the illegal access.
	at org.apache.catalina.loader.WebappClassLoaderBase.checkStateForResourceLoading(WebappClassLoaderBase.java:1295)
	at org.apache.catalina.loader.WebappClassLoaderBase.getResource(WebappClassLoaderBase.java:972)
	at com.mysql.jdbc.AbandonedConnectionCleanupThread.checkContextClassLoaders(AbandonedConnectionCleanupThread.java:90)
	at com.mysql.jdbc.AbandonedConnectionCleanupThread.run(AbandonedConnectionCleanupThread.java:63)
	at java.util.concurrent.ThreadPoolExecutor.runWorker(ThreadPoolExecutor.java:1149)
	at java.util.concurrent.ThreadPoolExecutor$Worker.run(ThreadPoolExecutor.java:624)
	at java.lang.Thread.run(Thread.java:748)

02-Feb-2018 17:09:48.523 INFO [http-nio-8080-exec-20] org.apache.catalina.core.StandardContext.reload Reloading Context with name [/SignInProject] has started
02-Feb-2018 17:09:48.881 INFO [http-nio-8080-exec-20] org.apache.jasper.servlet.TldScanner.scanJars At least one JAR was scanned for TLDs yet contained no TLDs. Enable debug logging for this logger for a complete list of JARs that were scanned but no TLDs were found in them. Skipping unneeded JARs during scanning can improve startup time and JSP compilation time.
02-Feb-2018 17:09:48.939 INFO [http-nio-8080-exec-20] com.sun.faces.config.ConfigureListener.contextInitialized Initializing Mojarra 2.2.7 ( 20140610-1547 https://svn.java.net/svn/mojarra~svn/tags/2.2.7@13362) for context '/SignInProject'
02-Feb-2018 17:09:48.986 INFO [http-nio-8080-exec-20] com.sun.faces.spi.InjectionProviderFactory.createInstance JSF1048: PostConstruct/PreDestroy annotations present.  ManagedBeans methods marked with these annotations will have said annotations processed.
02-Feb-2018 17:09:49.256 INFO [http-nio-8080-exec-20] org.apache.catalina.core.StandardContext.reload Reloading Context with name [/SignInProject] is completed
